<?xml version="1.0" encoding="UTF-8"?>
<!-- Generated by org.testng.reporters.JUnitReportReporter -->
<testsuite hostname="LT024095" name="com.test.NTC_ForgotPassword" tests="1" failures="1" timestamp="6 Apr 2015 08:07:19 GMT" time="95.574" errors="0">
  <testcase name="forgotPassword" time="95.574" classname="com.test.NTC_ForgotPassword">
    <failure type="org.openqa.selenium.NoSuchElementException" message="An element could not be located on the page using the given search parameters. (WARNING: The server did not provide any stacktrace information)
Command duration or timeout: 336 milliseconds
For documentation on this error, please visit: http://seleniumhq.org/exceptions/no_such_element.html
Build info: version: &#039;2.45.0&#039;, revision: &#039;5017cb8&#039;, time: &#039;2015-02-26 23:59:50&#039;
System info: host: &#039;LT024095&#039;, ip: &#039;10.245.98.237&#039;, os.name: &#039;Windows 7&#039;, os.arch: &#039;x86&#039;, os.version: &#039;6.1&#039;, java.version: &#039;1.7.0_71&#039;
*** Element info: {Using=xpath, value=//android.widget.FrameLayout/android.view.View/android.widget.FrameLayout[2]/android.widget.FrameLayout/android.view.View[5]}
Session ID: 205ff265-71ff-436b-b2a9-d7584d775c75
Driver info: io.appium.java_client.AppiumDriver
Capabilities [{platform=WINDOWS, app=D:\Workspace\APKs\com.nike.ntc.apk, javascriptEnabled=true, appActivity=.ui.TourAndLoginActivity, browserName=, autoLaunch=true, networkConnectionEnabled=true, desired={platform=WINDOWS, app=D:\Workspace\APKs\com.nike.ntc.apk, deviceName=nirajbrands, platformName=Android, browserName=, appActivity=.ui.TourAndLoginActivity, autoLaunch=true, device=Android, appPackage=com.nike.ntc, version=4.4}, locationContextEnabled=false, appPackage=com.nike.ntc, version=4.4, platformVersion=4.1, databaseEnabled=false, deviceName=nirajbrands, platformName=Android, webStorageEnabled=false, device=Android, warnings={}, takesScreenshot=true}]">
      <![CDATA[org.openqa.selenium.NoSuchElementException: An element could not be located on the page using the given search parameters. (WARNING: The server did not provide any stacktrace information)
Command duration or timeout: 336 milliseconds
For documentation on this error, please visit: http://seleniumhq.org/exceptions/no_such_element.html
Build info: version: '2.45.0', revision: '5017cb8', time: '2015-02-26 23:59:50'
System info: host: 'LT024095', ip: '10.245.98.237', os.name: 'Windows 7', os.arch: 'x86', os.version: '6.1', java.version: '1.7.0_71'
*** Element info: {Using=xpath, value=//android.widget.FrameLayout/android.view.View/android.widget.FrameLayout[2]/android.widget.FrameLayout/android.view.View[5]}
Session ID: 205ff265-71ff-436b-b2a9-d7584d775c75
Driver info: io.appium.java_client.AppiumDriver
Capabilities [{platform=WINDOWS, app=D:\Workspace\APKs\com.nike.ntc.apk, javascriptEnabled=true, appActivity=.ui.TourAndLoginActivity, browserName=, autoLaunch=true, networkConnectionEnabled=true, desired={platform=WINDOWS, app=D:\Workspace\APKs\com.nike.ntc.apk, deviceName=nirajbrands, platformName=Android, browserName=, appActivity=.ui.TourAndLoginActivity, autoLaunch=true, device=Android, appPackage=com.nike.ntc, version=4.4}, locationContextEnabled=false, appPackage=com.nike.ntc, version=4.4, platformVersion=4.1, databaseEnabled=false, deviceName=nirajbrands, platformName=Android, webStorageEnabled=false, device=Android, warnings={}, takesScreenshot=true}]
	at sun.reflect.NativeConstructorAccessorImpl.newInstance0(Native Method)
	at sun.reflect.NativeConstructorAccessorImpl.newInstance(Unknown Source)
	at sun.reflect.DelegatingConstructorAccessorImpl.newInstance(Unknown Source)
	at java.lang.reflect.Constructor.newInstance(Unknown Source)
	at org.openqa.selenium.remote.ErrorHandler.createThrowable(ErrorHandler.java:204)
	at org.openqa.selenium.remote.ErrorHandler.throwIfResponseFailed(ErrorHandler.java:156)
	at org.openqa.selenium.remote.RemoteWebDriver.execute(RemoteWebDriver.java:599)
	at io.appium.java_client.AppiumDriver.execute(AppiumDriver.java:88)
	at org.openqa.selenium.remote.RemoteWebDriver.findElement(RemoteWebDriver.java:352)
	at org.openqa.selenium.remote.RemoteWebDriver.findElementByXPath(RemoteWebDriver.java:449)
	at org.openqa.selenium.By$ByXPath.findElement(By.java:357)
	at org.openqa.selenium.remote.RemoteWebDriver.findElement(RemoteWebDriver.java:344)
	at com.test.NTC_ForgotPassword.forgotPassword(NTC_ForgotPassword.java:78)
	at sun.reflect.NativeMethodAccessorImpl.invoke0(Native Method)
	at sun.reflect.NativeMethodAccessorImpl.invoke(Unknown Source)
	at sun.reflect.DelegatingMethodAccessorImpl.invoke(Unknown Source)
	at java.lang.reflect.Method.invoke(Unknown Source)
	at org.testng.internal.MethodInvocationHelper.invokeMethod(MethodInvocationHelper.java:84)
	at org.testng.internal.Invoker.invokeMethod(Invoker.java:714)
	at org.testng.internal.Invoker.invokeTestMethod(Invoker.java:901)
	at org.testng.internal.Invoker.invokeTestMethods(Invoker.java:1231)
	at org.testng.internal.TestMethodWorker.invokeTestMethods(TestMethodWorker.java:127)
	at org.testng.internal.TestMethodWorker.run(TestMethodWorker.java:111)
	at org.testng.TestRunner.privateRun(TestRunner.java:767)
	at org.testng.TestRunner.run(TestRunner.java:617)
	at org.testng.SuiteRunner.runTest(SuiteRunner.java:334)
	at org.testng.SuiteRunner.runSequentially(SuiteRunner.java:329)
	at org.testng.SuiteRunner.privateRun(SuiteRunner.java:291)
	at org.testng.SuiteRunner.run(SuiteRunner.java:240)
	at org.testng.SuiteRunnerWorker.runSuite(SuiteRunnerWorker.java:52)
	at org.testng.SuiteRunnerWorker.run(SuiteRunnerWorker.java:86)
	at org.testng.TestNG.runSuitesSequentially(TestNG.java:1224)
	at org.testng.TestNG.runSuitesLocally(TestNG.java:1149)
	at org.testng.TestNG.run(TestNG.java:1057)
	at org.testng.remote.RemoteTestNG.run(RemoteTestNG.java:111)
	at org.testng.remote.RemoteTestNG.initAndRun(RemoteTestNG.java:204)
	at org.testng.remote.RemoteTestNG.main(RemoteTestNG.java:175)
]]>
    </failure>
  </testcase> <!-- forgotPassword -->
</testsuite> <!-- com.test.NTC_ForgotPassword -->
